Using pre-set license
Built from '2020.3/staging' branch; Version is '2020.3.25f1 (9b9180224418) revision 10195328'; Using compiler version '192528614'; Build Type 'Release'
OS: 'Windows 10  (10.0.19042) 64bit CoreSingleLanguage' Language: 'es' Physical Memory: 3970 MB
BatchMode: 1, IsHumanControllingUs: 0, StartBugReporterOnCrash: 0, Is64bit: 1, IsPro: 0

COMMAND LINE ARGUMENTS:
C:\Program Files\Unity\Hub\Editor\2020.3.25f1\Editor\Unity.exe
-adb2
-batchMode
-noUpm
-name
AssetImportWorker11
-projectPath
C:/Users/user/OneDrive/Escritorio/XP/3er Tetra XP/Prototipo_Proyecto2D
-logFile
Logs/AssetImportWorker11.log
-srvPort
57935
Successfully changed project path to: C:/Users/user/OneDrive/Escritorio/XP/3er Tetra XP/Prototipo_Proyecto2D
C:/Users/user/OneDrive/Escritorio/XP/3er Tetra XP/Prototipo_Proyecto2D
Using Asset Import Pipeline V2.
Refreshing native plugins compatible for Editor in 1651.22 ms, found 3 plugins.
Preloading 0 native plugins for Editor in 0.00 ms.
Initialize engine version: 2020.3.25f1 (9b9180224418)
[Subsystems] Discovering subsystems at path C:/Program Files/Unity/Hub/Editor/2020.3.25f1/Editor/Data/Resources/UnitySubsystems
[Subsystems] Discovering subsystems at path C:/Users/user/OneDrive/Escritorio/XP/3er Tetra XP/Prototipo_Proyecto2D/Assets
GfxDevice: creating device client; threaded=0
