Using pre-set license
Built from '2020.3/staging' branch; Version is '2020.3.25f1 (9b9180224418) revision 10195328'; Using compiler version '192528614'; Build Type 'Release'
OS: 'Windows 10  (10.0.19042) 64bit CoreSingleLanguage' Language: 'es' Physical Memory: 3970 MB
BatchMode: 1, IsHumanControllingUs: 0, StartBugReporterOnCrash: 0, Is64bit: 1, IsPro: 0

COMMAND LINE ARGUMENTS:
C:\Program Files\Unity\Hub\Editor\2020.3.25f1\Editor\Unity.exe
-adb2
-batchMode
-noUpm
-name
AssetImportWorker19
-projectPath
C:/Users/user/OneDrive/Escritorio/XP/3er Tetra XP/Prototipo_Proyecto2D
-logFile
Logs/AssetImportWorker19.log
-srvPort
57935
Successfully changed project path to: C:/Users/user/OneDrive/Escritorio/XP/3er Tetra XP/Prototipo_Proyecto2D
C:/Users/user/OneDrive/Escritorio/XP/3er Tetra XP/Prototipo_Proyecto2D
Using Asset Import Pipeline V2.
Refreshing native plugins compatible for Editor in 103.66 ms, found 3 plugins.
Preloading 0 native plugins for Editor in 0.00 ms.
Initialize engine version: 2020.3.25f1 (9b9180224418)
[Subsystems] Discovering subsystems at path C:/Program Files/Unity/Hub/Editor/2020.3.25f1/Editor/Data/Resources/UnitySubsystems
[Subsystems] Discovering subsystems at path C:/Users/user/OneDrive/Escritorio/XP/3er Tetra XP/Prototipo_Proyecto2D/Assets
GfxDevice: creating device client; threaded=0
Direct3D:
    Version:  Direct3D 11.0 [level 11.1]
    Renderer: Intel(R) HD Graphics 520 (ID=0x1921)
    Vendor:   
    VRAM:     1985 MB
    Driver:   25.20.100.6518
Initialize mono
Mono path[0] = 'C:/Program Files/Unity/Hub/Editor/2020.3.25f1/Editor/Data/Managed'
Mono path[1] = 'C:/Program Files/Unity/Hub/Editor/2020.3.25f1/Editor/Data/MonoBleedingEdge/lib/mono/unityjit'
Mono config path = 'C:/Program Files/Unity/Hub/Editor/2020.3.25f1/Editor/Data/MonoBleedingEdge/etc'
Using monoOptions --debugger-agent=transport=dt_socket,embedding=1,server=y,suspend=n,address=127.0.0.1:56592
Begin MonoManager ReloadAssembly
Registering precompiled unity dll's ...
Register platform support module: C:/Program Files/Unity/Hub/Editor/2020.3.25f1/Editor/Data/PlaybackEngines/WindowsStandaloneSupport/UnityEditor.WindowsStandalone.Extensions.dll
Registered in 0.003934 seconds.
Native extension for WindowsStandalone target not found
Refreshing native plugins compatible for Editor in 98.09 ms, found 3 plugins.
Preloading 0 native plugins for Editor in 0.00 ms.
Mono: successfully reloaded assembly
- Completed reload, in  1.232 seconds
Domain Reload Profiling:
	ReloadAssembly (1233ms)
		BeginReloadAssembly (110ms)
			ExecutionOrderSort (0ms)
			DisableScriptedObjects (0ms)
			BackupInstance (0ms)
			ReleaseScriptingObjects (0ms)
			CreateAndSetChildDomain (1ms)
		EndReloadAssembly (975ms)
			LoadAssemblies (105ms)
			RebuildTransferFunctionScriptingTraits (0ms)
			SetupTypeCache (311ms)
			ReleaseScriptCaches (0ms)
			RebuildScriptCaches (65ms)
			SetupLoadedEditorAssemblies (369ms)
				LogAssemblyErrors (0ms)
				InitializePlatformSupportModulesInManaged (8ms)
				SetLoadedEditorAssemblies (0ms)
				RefreshPlugins (98ms)
				BeforeProcessingInitializeOnLoad (32ms)
				ProcessInitializeOnLoadAttributes (175ms)
				ProcessInitializeOnLoadMethodAttributes (55ms)
				AfterProcessingInitializeOnLoad (0ms)
				EditorAssembliesLoaded (1ms)
			ExecutionOrderSort2 (0ms)
			AwakeInstancesAfterBackupRestoration (0ms)
Platform modules already initialized, skipping
Registering precompiled user dll's ...
Registered in 0.015507 seconds.
Begin MonoManager ReloadAssembly
Native extension for WindowsStandalone target not found
Refreshing native plugins compatible for Editor in 88.76 ms, found 3 plugins.
Preloading 0 native plugins for Editor in 0.00 ms.
Mono: successfully reloaded assembly
- Completed reload, in 16.461 seconds
Domain Reload Profiling:
	ReloadAssembly (16480ms)
		BeginReloadAssembly (293ms)
			ExecutionOrderSort (0ms)
			DisableScriptedObjects (11ms)
			BackupInstance (0ms)
			ReleaseScriptingObjects (0ms)
			CreateAndSetChildDomain (33ms)
		EndReloadAssembly (16058ms)
			LoadAssemblies (189ms)
			RebuildTransferFunctionScriptingTraits (0ms)
			SetupTypeCache (630ms)
			ReleaseScriptCaches (1ms)
			RebuildScriptCaches (94ms)
			SetupLoadedEditorAssemblies (14860ms)
				LogAssemblyErrors (0ms)
				InitializePlatformSupportModulesInManaged (6ms)
				SetLoadedEditorAssemblies (0ms)
				RefreshPlugins (89ms)
				BeforeProcessingInitializeOnLoad (268ms)
				ProcessInitializeOnLoadAttributes (5486ms)
				ProcessInitializeOnLoadMethodAttributes (8996ms)
				AfterProcessingInitializeOnLoad (13ms)
				EditorAssembliesLoaded (0ms)
			ExecutionOrderSort2 (0ms)
			AwakeInstancesAfterBackupRestoration (12ms)
Platform modules already initialized, skipping
========================================================================
Worker process is ready to serve import requests
Launched and connected shader compiler UnityShaderCompiler.exe after 1.04 seconds
Refreshing native plugins compatible for Editor in 1.26 ms, found 3 plugins.
Preloading 0 native plugins for Editor in 0.00 ms.
Unloading 2195 Unused Serialized files (Serialized files now loaded: 0)
System memory in use before: 95.9 MB.
System memory in use after: 96.0 MB.

Unloading 28 unused Assets to reduce memory usage. Loaded Objects now: 2628.
Total: 283.672700 ms (FindLiveObjects: 0.661900 ms CreateObjectMapping: 0.754100 ms MarkObjects: 281.713000 ms  DeleteObjects: 0.538200 ms)

AssetImportParameters requested are different than current active one (requested -> active):
  custom:framework-win-MediaFoundation: 216162199b28c13a410421893ffa2e32 -> 
  custom:video-decoder-ogg-theora: a1e56fd34408186e4bbccfd4996cb3dc -> 
  custom:container-muxer-webm: aa71ff27fc2769a1b78a27578f13a17b -> 
  custom:container-demuxer-webm: 4f35f7cbe854078d1ac9338744f61a02 -> 
  custom:container-demuxer-ogg: 62fdf1f143b41e24485cea50d1cbac27 -> 
  custom:video-encoder-webm-vp8: eb34c28f22e8b96e1ab97ce403110664 -> 
  custom:video-decoder-webm-vp8: 9c59270c3fd7afecdb556c50c9e8de78 -> 
  custom:audio-decoder-ogg-vorbis: bf7c407c2cedff20999df2af8eb42d56 -> 
  custom:audio-encoder-webm-vorbis: bf7c407c2cedff20999df2af8eb42d56 -> 
========================================================================
Received Import Request.
  path: Assets/PlaceHolders/th (5).jpg
  artifactKey: Guid(983e296647c81244f9d8837bdda817f0) Importer(815301076,1909f56bfc062723c751e8b465ee728b)
Start importing Assets/PlaceHolders/th (5).jpg using Guid(983e296647c81244f9d8837bdda817f0) Importer(815301076,1909f56bfc062723c751e8b465ee728b)  -> (artifact id: '363784f607850a3b868fef524bdfc97f') in 4.599733 seconds 
  Import took 4.748830 seconds .

========================================================================
Received Import Request.
  Time since last request: 0.000739 seconds.
  path: Assets/PlaceHolders/th (11).jpg
  artifactKey: Guid(47412c1189e10bb4ca48606c3dacbb67) Importer(815301076,1909f56bfc062723c751e8b465ee728b)
Start importing Assets/PlaceHolders/th (11).jpg using Guid(47412c1189e10bb4ca48606c3dacbb67) Importer(815301076,1909f56bfc062723c751e8b465ee728b)  -> (artifact id: '021390710d58f264a1296c86122f59e6') in 3.720790 seconds 
  Import took 3.777513 seconds .

========================================================================
Received Import Request.
  Time since last request: 0.000840 seconds.
  path: Assets/PlaceHolders/th (4).jpg
  artifactKey: Guid(5e4305b09ec2d7841838a3c509486594) Importer(815301076,1909f56bfc062723c751e8b465ee728b)
Start importing Assets/PlaceHolders/th (4).jpg using Guid(5e4305b09ec2d7841838a3c509486594) Importer(815301076,1909f56bfc062723c751e8b465ee728b)  -> (artifact id: '8ed1ea9d08194331e82d1fa2195a540a') in 0.703398 seconds 
  Import took 0.763117 seconds .

========================================================================
Received Import Request.
  Time since last request: 0.001147 seconds.
  path: Assets/PlaceHolders/th (9).jpg
  artifactKey: Guid(98ab57004182c5b4884aaa24e94f7f6e) Importer(815301076,1909f56bfc062723c751e8b465ee728b)
Start importing Assets/PlaceHolders/th (9).jpg using Guid(98ab57004182c5b4884aaa24e94f7f6e) Importer(815301076,1909f56bfc062723c751e8b465ee728b)  -> (artifact id: '0cbb9ea9352448497107f0f16bc8c5e2') in 4.772059 seconds 
  Import took 4.882077 seconds .

========================================================================
Received Import Request.
  Time since last request: 0.000676 seconds.
  path: Assets/PlaceHolders/th (2).jpg
  artifactKey: Guid(397c5dd6e79883447a207769388931b7) Importer(815301076,1909f56bfc062723c751e8b465ee728b)
Start importing Assets/PlaceHolders/th (2).jpg using Guid(397c5dd6e79883447a207769388931b7) Importer(815301076,1909f56bfc062723c751e8b465ee728b)  -> (artifact id: '2b622823ac0f8cd251c30e476f58ce7e') in 0.273198 seconds 
  Import took 0.350435 seconds .

========================================================================
Received Import Request.
  Time since last request: 0.000573 seconds.
  path: Assets/PlaceHolders/th (6).jpg
  artifactKey: Guid(0ff04230afcb6f84594e00d2f59d4cdf) Importer(815301076,1909f56bfc062723c751e8b465ee728b)
Start importing Assets/PlaceHolders/th (6).jpg using Guid(0ff04230afcb6f84594e00d2f59d4cdf) Importer(815301076,1909f56bfc062723c751e8b465ee728b)  -> (artifact id: '8b5512fe65eb748013f8850be2bc4d69') in 0.363362 seconds 
  Import took 0.408538 seconds .

========================================================================
Received Import Request.
  Time since last request: 0.000838 seconds.
  path: Assets/PlaceHolders/th (1).jpg
  artifactKey: Guid(3db0caa08581c604da8b5bfadf13ede3) Importer(815301076,1909f56bfc062723c751e8b465ee728b)
Start importing Assets/PlaceHolders/th (1).jpg using Guid(3db0caa08581c604da8b5bfadf13ede3) Importer(815301076,1909f56bfc062723c751e8b465ee728b)  -> (artifact id: '2c02cf7efa755b6d8fe748f29040cec0') in 0.598290 seconds 
  Import took 0.650264 seconds .

========================================================================
Received Import Request.
  Time since last request: 0.009481 seconds.
  path: Assets/PlaceHolders/Incendios-Forestales.jpg
  artifactKey: Guid(be226b2f5f999ea4f9251834661767f2) Importer(815301076,1909f56bfc062723c751e8b465ee728b)
Start importing Assets/PlaceHolders/Incendios-Forestales.jpg using Guid(be226b2f5f999ea4f9251834661767f2) Importer(815301076,1909f56bfc062723c751e8b465ee728b)  -> (artifact id: '74d913d89e35fccfc3e1082a6ac452a8') in 1.440954 seconds 
  Import took 1.649914 seconds .

========================================================================
Received Import Request.
  Time since last request: 0.000748 seconds.
  path: Assets/PlaceHolders/th (10).jpg
  artifactKey: Guid(70a3d0231573e6a438ab2871c842da08) Importer(815301076,1909f56bfc062723c751e8b465ee728b)
Start importing Assets/PlaceHolders/th (10).jpg using Guid(70a3d0231573e6a438ab2871c842da08) Importer(815301076,1909f56bfc062723c751e8b465ee728b)  -> (artifact id: '031ed0e2d5658b9d5db055526b90a8de') in 4.532677 seconds 
  Import took 4.586216 seconds .

========================================================================
Received Import Request.
  Time since last request: 0.000623 seconds.
  path: Assets/PlaceHolders/th (7).jpg
  artifactKey: Guid(723ab35d65c240a4fac654791200db75) Importer(815301076,1909f56bfc062723c751e8b465ee728b)
Start importing Assets/PlaceHolders/th (7).jpg using Guid(723ab35d65c240a4fac654791200db75) Importer(815301076,1909f56bfc062723c751e8b465ee728b)  -> (artifact id: '1def01db8af153a5e46f2f910b57e3d8') in 0.226171 seconds 
  Import took 0.308985 seconds .

========================================================================
Received Import Request.
  Time since last request: 0.000576 seconds.
  path: Assets/PlaceHolders/th (15).jpg
  artifactKey: Guid(b08281f819ca73c419eaedfd3f2a5a59) Importer(815301076,1909f56bfc062723c751e8b465ee728b)
Start importing Assets/PlaceHolders/th (15).jpg using Guid(b08281f819ca73c419eaedfd3f2a5a59) Importer(815301076,1909f56bfc062723c751e8b465ee728b)  -> (artifact id: 'b86706a6c3d93d179ba9965c51edd681') in 0.483473 seconds 
  Import took 0.622928 seconds .

========================================================================
Received Import Request.
  Time since last request: 0.000566 seconds.
  path: Assets/PlaceHolders/th (8).jpg
  artifactKey: Guid(b124879c1fe4ec2499bdedd7d2e4c743) Importer(815301076,1909f56bfc062723c751e8b465ee728b)
Start importing Assets/PlaceHolders/th (8).jpg using Guid(b124879c1fe4ec2499bdedd7d2e4c743) Importer(815301076,1909f56bfc062723c751e8b465ee728b)  -> (artifact id: '7b445d2697feaf6861a71e693680ed7d') in 0.521712 seconds 
  Import took 0.575627 seconds .

========================================================================
Received Import Request.
  Time since last request: 0.000699 seconds.
  path: Assets/PlaceHolders/th (3).jpg
  artifactKey: Guid(01236603b9635e14eacb2b0e793efb25) Importer(815301076,1909f56bfc062723c751e8b465ee728b)
Start importing Assets/PlaceHolders/th (3).jpg using Guid(01236603b9635e14eacb2b0e793efb25) Importer(815301076,1909f56bfc062723c751e8b465ee728b)  -> (artifact id: '7e57abf2fa1f639340f578530085edb8') in 0.320167 seconds 
  Import took 0.403646 seconds .

========================================================================
Received Import Request.
  Time since last request: 0.000417 seconds.
  path: Assets/PlaceHolders/th (13).jpg
  artifactKey: Guid(1c66656a23ad748408f8a61b872aa1c8) Importer(815301076,1909f56bfc062723c751e8b465ee728b)
Start importing Assets/PlaceHolders/th (13).jpg using Guid(1c66656a23ad748408f8a61b872aa1c8) Importer(815301076,1909f56bfc062723c751e8b465ee728b)  -> (artifact id: '880312cae11ed58a36b5377b7e6c3e15') in 0.401081 seconds 
  Import took 0.600914 seconds .

========================================================================
Received Import Request.
  Time since last request: 0.000504 seconds.
  path: Assets/PlaceHolders/th (12).jpg
  artifactKey: Guid(4fc0072752f78bd4aa9ffd8948db2b5d) Importer(815301076,1909f56bfc062723c751e8b465ee728b)
Start importing Assets/PlaceHolders/th (12).jpg using Guid(4fc0072752f78bd4aa9ffd8948db2b5d) Importer(815301076,1909f56bfc062723c751e8b465ee728b)  -> (artifact id: 'c5cf983c2de211363996f892e499243c') in 0.230329 seconds 
  Import took 0.344102 seconds .

========================================================================
Received Import Request.
  Time since last request: 0.000758 seconds.
  path: Assets/PlaceHolders/th (14).jpg
  artifactKey: Guid(53741dbc836e379428cdfdd0337ec056) Importer(815301076,1909f56bfc062723c751e8b465ee728b)
Start importing Assets/PlaceHolders/th (14).jpg using Guid(53741dbc836e379428cdfdd0337ec056) Importer(815301076,1909f56bfc062723c751e8b465ee728b)  -> (artifact id: '96a1853600a8d4c3d39aed6835d9a887') in 0.288364 seconds 
  Import took 0.324210 seconds .

